<?xml version="1.0" encoding="UTF-8"?>
<robot generator="Robot 7.1.1 (Python 3.12.2 on win32)" generated="2025-07-18T11:31:51.979357" rpa="false" schemaversion="5">
<suite id="s1" name="Compra Completa" source="D:\sauce_demo_tests\Panda-Video\tests\compra_completa.robot">
<test id="s1-t1" name="TC01 - Compra Completa com Sucesso" line="7">
<kw name="Open Browser To Login Page">
<kw name="Open Browser" owner="SeleniumLibrary">
<msg time="2025-07-18T11:31:52.401072" level="INFO">Opening browser 'Chrome' to base url 'https://www.saucedemo.com'.</msg>
<arg>${URL}</arg>
<arg>Chrome</arg>
<doc>Opens a new browser instance to the optional ``url``.</doc>
<status status="PASS" start="2025-07-18T11:31:52.400071" elapsed="3.062939"/>
</kw>
<kw name="Maximize Browser Window" owner="SeleniumLibrary">
<doc>Maximizes current browser window.</doc>
<status status="PASS" start="2025-07-18T11:31:55.463010" elapsed="0.049044"/>
</kw>
<kw name="Wait Until Element Is Visible" owner="SeleniumLibrary">
<arg>id=user-name</arg>
<arg>timeout=100s</arg>
<doc>Waits until the element ``locator`` is visible.</doc>
<status status="PASS" start="2025-07-18T11:31:55.512054" elapsed="0.047043"/>
</kw>
<status status="PASS" start="2025-07-18T11:31:52.399071" elapsed="3.160026"/>
</kw>
<kw name="Realizar Login">
<kw name="Input Text" owner="SeleniumLibrary">
<msg time="2025-07-18T11:31:55.560099" level="INFO">Typing text 'standard_user' into text field 'user-name'.</msg>
<arg>user-name</arg>
<arg>${USERNAME}</arg>
<doc>Types the given ``text`` into the text field identified by ``locator``.</doc>
<status status="PASS" start="2025-07-18T11:31:55.560099" elapsed="0.133209"/>
</kw>
<kw name="Input Text" owner="SeleniumLibrary">
<msg time="2025-07-18T11:31:55.693308" level="INFO">Typing text 'secret_sauce' into text field 'password'.</msg>
<arg>password</arg>
<arg>${PASSWORD}</arg>
<doc>Types the given ``text`` into the text field identified by ``locator``.</doc>
<status status="PASS" start="2025-07-18T11:31:55.693308" elapsed="0.083075"/>
</kw>
<kw name="Click Button" owner="SeleniumLibrary">
<msg time="2025-07-18T11:31:55.776383" level="INFO">Clicking button 'login-button'.</msg>
<arg>login-button</arg>
<doc>Clicks the button identified by ``locator``.</doc>
<status status="PASS" start="2025-07-18T11:31:55.776383" elapsed="0.106097"/>
</kw>
<kw name="Wait Until Element Is Visible" owner="SeleniumLibrary">
<arg>id=inventory_container</arg>
<doc>Waits until the element ``locator`` is visible.</doc>
<status status="PASS" start="2025-07-18T11:31:55.882480" elapsed="0.021019"/>
</kw>
<status status="PASS" start="2025-07-18T11:31:55.559097" elapsed="0.344402"/>
</kw>
<kw name="Adicionar Produto ao Carrinho">
<kw name="Click Element" owner="SeleniumLibrary">
<msg time="2025-07-18T11:31:55.904501" level="INFO">Clicking element 'xpath=//div[text()='Sauce Labs Backpack']/../../..//button'.</msg>
<arg>xpath=//div[text()='${PRODUTO}']/../../..//button</arg>
<doc>Click the element identified by ``locator``.</doc>
<status status="PASS" start="2025-07-18T11:31:55.904501" elapsed="0.077070"/>
</kw>
<kw name="Click Element" owner="SeleniumLibrary">
<msg time="2025-07-18T11:31:55.981571" level="INFO">Clicking element 'class:shopping_cart_link'.</msg>
<arg>class:shopping_cart_link</arg>
<doc>Click the element identified by ``locator``.</doc>
<status status="PASS" start="2025-07-18T11:31:55.981571" elapsed="0.067062"/>
</kw>
<kw name="Capture Page Screenshot" owner="SeleniumLibrary">
<msg time="2025-07-18T11:31:56.384761" level="INFO" html="true">&lt;/td&gt;&lt;/tr&gt;&lt;tr&gt;&lt;td colspan="3"&gt;&lt;a href="selenium-screenshot-1.png"&gt;&lt;img src="selenium-screenshot-1.png" width="800px"&gt;&lt;/a&gt;</msg>
<doc>Takes a screenshot of the current page and embeds it into a log file.</doc>
<status status="PASS" start="2025-07-18T11:31:56.048633" elapsed="0.336128"/>
</kw>
<status status="PASS" start="2025-07-18T11:31:55.903499" elapsed="0.482263"/>
</kw>
<kw name="Finalizar Compra">
<kw name="Click Element" owner="SeleniumLibrary">
<msg time="2025-07-18T11:31:56.386763" level="INFO">Clicking element 'id=checkout'.</msg>
<arg>id=checkout</arg>
<doc>Click the element identified by ``locator``.</doc>
<status status="PASS" start="2025-07-18T11:31:56.386763" elapsed="0.075831"/>
</kw>
<kw name="Location Should Be" owner="SeleniumLibrary">
<msg time="2025-07-18T11:31:56.466598" level="INFO">Current location is 'https://www.saucedemo.com/checkout-step-one.html'.</msg>
<arg>https://www.saucedemo.com/checkout-step-one.html</arg>
<doc>Verifies that the current URL is exactly ``url``.</doc>
<status status="PASS" start="2025-07-18T11:31:56.462594" elapsed="0.004004"/>
</kw>
<kw name="Wait Until Element Is Visible" owner="SeleniumLibrary">
<arg>id=first-name</arg>
<arg>timeout=20s</arg>
<doc>Waits until the element ``locator`` is visible.</doc>
<status status="PASS" start="2025-07-18T11:31:56.467599" elapsed="0.016014"/>
</kw>
<kw name="Input Text" owner="SeleniumLibrary">
<msg time="2025-07-18T11:31:56.484614" level="INFO">Typing text 'Marcos' into text field 'id=first-name'.</msg>
<arg>id=first-name</arg>
<arg>${NOME}</arg>
<doc>Types the given ``text`` into the text field identified by ``locator``.</doc>
<status status="PASS" start="2025-07-18T11:31:56.484614" elapsed="0.082889"/>
</kw>
<kw name="Capture Page Screenshot" owner="SeleniumLibrary">
<msg time="2025-07-18T11:31:56.899698" level="INFO" html="true">&lt;/td&gt;&lt;/tr&gt;&lt;tr&gt;&lt;td colspan="3"&gt;&lt;a href="selenium-screenshot-2.png"&gt;&lt;img src="selenium-screenshot-2.png" width="800px"&gt;&lt;/a&gt;</msg>
<doc>Takes a screenshot of the current page and embeds it into a log file.</doc>
<status status="PASS" start="2025-07-18T11:31:56.568634" elapsed="0.331064"/>
</kw>
<kw name="Textfield Value Should Be" owner="SeleniumLibrary">
<msg time="2025-07-18T11:31:56.927327" level="INFO">Content of text field 'id=first-name' is 'Marcos'.</msg>
<arg>id=first-name</arg>
<arg>${NOME}</arg>
<doc>Verifies text field ``locator`` has exactly text ``expected``.</doc>
<status status="PASS" start="2025-07-18T11:31:56.899698" elapsed="0.027629"/>
</kw>
<kw name="Wait Until Element Is Visible" owner="SeleniumLibrary">
<arg>id=last-name</arg>
<arg>timeout=20s</arg>
<doc>Waits until the element ``locator`` is visible.</doc>
<status status="PASS" start="2025-07-18T11:31:56.927327" elapsed="0.017016"/>
</kw>
<kw name="Input Text" owner="SeleniumLibrary">
<msg time="2025-07-18T11:31:56.944343" level="INFO">Typing text 'Silva' into text field 'id=last-name'.</msg>
<arg>id=last-name</arg>
<arg>${SOBRENOME}</arg>
<doc>Types the given ``text`` into the text field identified by ``locator``.</doc>
<status status="PASS" start="2025-07-18T11:31:56.944343" elapsed="0.090407"/>
</kw>
<kw name="Textfield Value Should Be" owner="SeleniumLibrary">
<msg time="2025-07-18T11:31:57.055769" level="INFO">Content of text field 'id=last-name' is 'Silva'.</msg>
<arg>id=last-name</arg>
<arg>${SOBRENOME}</arg>
<doc>Verifies text field ``locator`` has exactly text ``expected``.</doc>
<status status="PASS" start="2025-07-18T11:31:57.034750" elapsed="0.021019"/>
</kw>
<kw name="Input Text" owner="SeleniumLibrary">
<msg time="2025-07-18T11:31:57.056770" level="INFO">Typing text '34532' into text field 'id=postal-code'.</msg>
<arg>id=postal-code</arg>
<arg>${CEP}</arg>
<doc>Types the given ``text`` into the text field identified by ``locator``.</doc>
<status status="PASS" start="2025-07-18T11:31:57.055769" elapsed="0.076837"/>
</kw>
<kw name="Textfield Value Should Be" owner="SeleniumLibrary">
<msg time="2025-07-18T11:31:57.151974" level="INFO">Content of text field 'id=postal-code' is '34532'.</msg>
<arg>id=postal-code</arg>
<arg>${CEP}</arg>
<doc>Verifies text field ``locator`` has exactly text ``expected``.</doc>
<status status="PASS" start="2025-07-18T11:31:57.132606" elapsed="0.019368"/>
</kw>
<kw name="Wait Until Element Is Visible" owner="SeleniumLibrary">
<arg>id=continue</arg>
<arg>timeout=30s</arg>
<doc>Waits until the element ``locator`` is visible.</doc>
<status status="PASS" start="2025-07-18T11:31:57.152975" elapsed="0.016015"/>
</kw>
<kw name="Wait Until Element Is Enabled" owner="SeleniumLibrary">
<arg>id=continue</arg>
<arg>timeout=30s</arg>
<doc>Waits until the element ``locator`` is enabled.</doc>
<status status="PASS" start="2025-07-18T11:31:57.168990" elapsed="0.016147"/>
</kw>
<kw name="Click Element" owner="SeleniumLibrary">
<msg time="2025-07-18T11:31:57.185137" level="INFO">Clicking element 'id=continue'.</msg>
<arg>id=continue</arg>
<doc>Click the element identified by ``locator``.</doc>
<status status="PASS" start="2025-07-18T11:31:57.185137" elapsed="0.074221"/>
</kw>
<kw name="Location Should Be" owner="SeleniumLibrary">
<msg time="2025-07-18T11:31:57.263374" level="INFO">Current location is 'https://www.saucedemo.com/checkout-step-two.html'.</msg>
<arg>https://www.saucedemo.com/checkout-step-two.html</arg>
<doc>Verifies that the current URL is exactly ``url``.</doc>
<status status="PASS" start="2025-07-18T11:31:57.259358" elapsed="0.004016"/>
</kw>
<kw name="Click Element" owner="SeleniumLibrary">
<msg time="2025-07-18T11:31:57.264375" level="INFO">Clicking element 'id=finish'.</msg>
<arg>id=finish</arg>
<doc>Click the element identified by ``locator``.</doc>
<status status="PASS" start="2025-07-18T11:31:57.264375" elapsed="0.068239"/>
</kw>
<kw name="Wait Until Location Is" owner="SeleniumLibrary">
<arg>https://www.saucedemo.com/checkout-complete.html</arg>
<arg>timeout=10s</arg>
<doc>Waits until the current URL is ``expected``.</doc>
<status status="PASS" start="2025-07-18T11:31:57.332614" elapsed="0.004003"/>
</kw>
<kw name="Wait Until Element Is Visible" owner="SeleniumLibrary">
<arg>css=.complete-header</arg>
<arg>timeout=15s</arg>
<doc>Waits until the element ``locator`` is visible.</doc>
<status status="PASS" start="2025-07-18T11:31:57.336617" elapsed="0.017240"/>
</kw>
<kw name="Page Should Contain" owner="SeleniumLibrary">
<msg time="2025-07-18T11:31:57.366869" level="INFO">Current page contains text 'Thank you for your order!'.</msg>
<arg>Thank you for your order!</arg>
<doc>Verifies that current page contains ``text``.</doc>
<status status="PASS" start="2025-07-18T11:31:57.353857" elapsed="0.013012"/>
</kw>
<status status="PASS" start="2025-07-18T11:31:56.385762" elapsed="0.981107"/>
</kw>
<doc>Realiza login, adiciona produto ao carrinho e finaliza a compra</doc>
<status status="PASS" start="2025-07-18T11:31:52.398070" elapsed="4.968799"/>
</test>
<doc>Teste automatizado de compra completa no Saucedemo</doc>
<status status="PASS" start="2025-07-18T11:31:51.981359" elapsed="5.387511"/>
</suite>
<statistics>
<total>
<stat pass="1" fail="0" skip="0">All Tests</stat>
</total>
<tag>
</tag>
<suite>
<stat pass="1" fail="0" skip="0" id="s1" name="Compra Completa">Compra Completa</stat>
</suite>
</statistics>
<errors>
</errors>
</robot>
