<?xml version="1.0" encoding="UTF-8"?>
<robot generator="Robot 7.1.1 (Python 3.12.2 on win32)" generated="2025-07-18T10:32:49.182778" rpa="false" schemaversion="5">
<suite id="s1" name="Compra Completa" source="D:\sauce_demo_tests\Panda-Video\tests\compra_completa.robot">
<test id="s1-t1" name="TC01 - Compra Completa com Sucesso" line="7">
<kw name="Open Browser To Login Page">
<kw name="Open Browser" owner="SeleniumLibrary">
<msg time="2025-07-18T10:32:49.571961" level="INFO">Opening browser 'Chrome' to base url 'https://www.saucedemo.com'.</msg>
<arg>${URL}</arg>
<arg>Chrome</arg>
<doc>Opens a new browser instance to the optional ``url``.</doc>
<status status="PASS" start="2025-07-18T10:32:49.570960" elapsed="1.684840"/>
</kw>
<kw name="Maximize Browser Window" owner="SeleniumLibrary">
<doc>Maximizes current browser window.</doc>
<status status="PASS" start="2025-07-18T10:32:51.255800" elapsed="0.026673"/>
</kw>
<kw name="Wait Until Element Is Visible" owner="SeleniumLibrary">
<arg>id=user-name</arg>
<arg>timeout=10s</arg>
<doc>Waits until the element ``locator`` is visible.</doc>
<status status="PASS" start="2025-07-18T10:32:51.282473" elapsed="0.043586"/>
</kw>
<status status="PASS" start="2025-07-18T10:32:49.569959" elapsed="1.757101"/>
</kw>
<kw name="Realizar Login">
<kw name="Input Text" owner="SeleniumLibrary">
<msg time="2025-07-18T10:32:51.329062" level="INFO">Typing text 'standard_user' into text field 'user-name'.</msg>
<arg>user-name</arg>
<arg>${USERNAME}</arg>
<doc>Types the given ``text`` into the text field identified by ``locator``.</doc>
<status status="PASS" start="2025-07-18T10:32:51.329062" elapsed="0.139636"/>
</kw>
<kw name="Input Text" owner="SeleniumLibrary">
<msg time="2025-07-18T10:32:51.469699" level="INFO">Typing text 'secret_sauce' into text field 'password'.</msg>
<arg>password</arg>
<arg>${PASSWORD}</arg>
<doc>Types the given ``text`` into the text field identified by ``locator``.</doc>
<status status="PASS" start="2025-07-18T10:32:51.468698" elapsed="0.088551"/>
</kw>
<kw name="Click Button" owner="SeleniumLibrary">
<msg time="2025-07-18T10:32:51.557249" level="INFO">Clicking button 'login-button'.</msg>
<arg>login-button</arg>
<doc>Clicks the button identified by ``locator``.</doc>
<status status="PASS" start="2025-07-18T10:32:51.557249" elapsed="0.112218"/>
</kw>
<kw name="Wait Until Element Is Visible" owner="SeleniumLibrary">
<arg>id=inventory_container</arg>
<doc>Waits until the element ``locator`` is visible.</doc>
<status status="PASS" start="2025-07-18T10:32:51.670468" elapsed="0.018161"/>
</kw>
<status status="PASS" start="2025-07-18T10:32:51.328061" elapsed="0.361581"/>
</kw>
<kw name="Adicionar Produto ao Carrinho">
<kw name="Click Element" owner="SeleniumLibrary">
<msg time="2025-07-18T10:32:51.690643" level="INFO">Clicking element 'xpath=//div[text()='Sauce Labs Backpack']/../../..//button'.</msg>
<arg>xpath=//div[text()='${PRODUTO}']/../../..//button</arg>
<doc>Click the element identified by ``locator``.</doc>
<status status="PASS" start="2025-07-18T10:32:51.689642" elapsed="0.068706"/>
</kw>
<kw name="Click Element" owner="SeleniumLibrary">
<msg time="2025-07-18T10:32:51.759349" level="INFO">Clicking element 'class:shopping_cart_link'.</msg>
<arg>class:shopping_cart_link</arg>
<doc>Click the element identified by ``locator``.</doc>
<status status="PASS" start="2025-07-18T10:32:51.758348" elapsed="0.063199"/>
</kw>
<status status="PASS" start="2025-07-18T10:32:51.689642" elapsed="0.131905"/>
</kw>
<kw name="Finalizar Compra">
<kw name="Click Element" owner="SeleniumLibrary">
<msg time="2025-07-18T10:32:51.823549" level="INFO">Clicking element 'id=checkout'.</msg>
<arg>id=checkout</arg>
<doc>Click the element identified by ``locator``.</doc>
<status status="PASS" start="2025-07-18T10:32:51.822548" elapsed="0.061296"/>
</kw>
<kw name="Location Should Be" owner="SeleniumLibrary">
<msg time="2025-07-18T10:32:51.890850" level="INFO">Current location is 'https://www.saucedemo.com/checkout-step-one.html'.</msg>
<arg>https://www.saucedemo.com/checkout-step-one.html</arg>
<doc>Verifies that the current URL is exactly ``url``.</doc>
<status status="PASS" start="2025-07-18T10:32:51.884845" elapsed="0.006005"/>
</kw>
<kw name="Wait Until Element Is Visible" owner="SeleniumLibrary">
<arg>id=first-name</arg>
<arg>timeout=10s</arg>
<doc>Waits until the element ``locator`` is visible.</doc>
<status status="PASS" start="2025-07-18T10:32:51.890850" elapsed="0.016015"/>
</kw>
<kw name="Input Text" owner="SeleniumLibrary">
<msg time="2025-07-18T10:32:51.907866" level="INFO">Typing text 'Joao' into text field 'id=first-name'.</msg>
<arg>id=first-name</arg>
<arg>${NOME}</arg>
<doc>Types the given ``text`` into the text field identified by ``locator``.</doc>
<status status="PASS" start="2025-07-18T10:32:51.907866" elapsed="0.070429"/>
</kw>
<kw name="Textfield Value Should Be" owner="SeleniumLibrary">
<msg time="2025-07-18T10:32:52.001323" level="INFO">Content of text field 'id=first-name' is 'Joao'.</msg>
<arg>id=first-name</arg>
<arg>${NOME}</arg>
<doc>Verifies text field ``locator`` has exactly text ``expected``.</doc>
<status status="PASS" start="2025-07-18T10:32:51.979307" elapsed="0.022016"/>
</kw>
<kw name="Wait Until Element Is Visible" owner="SeleniumLibrary">
<arg>id=last-name</arg>
<arg>timeout=25s</arg>
<doc>Waits until the element ``locator`` is visible.</doc>
<status status="PASS" start="2025-07-18T10:32:52.001323" elapsed="0.016019"/>
</kw>
<kw name="Input Text" owner="SeleniumLibrary">
<msg time="2025-07-18T10:32:52.017342" level="INFO">Typing text 'Silva' into text field 'id=last-name'.</msg>
<arg>id=last-name</arg>
<arg>${SOBRENOME}</arg>
<doc>Types the given ``text`` into the text field identified by ``locator``.</doc>
<status status="PASS" start="2025-07-18T10:32:52.017342" elapsed="0.070015"/>
</kw>
<kw name="Textfield Value Should Be" owner="SeleniumLibrary">
<msg time="2025-07-18T10:32:52.106374" level="INFO">Content of text field 'id=last-name' is 'Silva'.</msg>
<arg>id=last-name</arg>
<arg>${SOBRENOME}</arg>
<doc>Verifies text field ``locator`` has exactly text ``expected``.</doc>
<status status="PASS" start="2025-07-18T10:32:52.087357" elapsed="0.019017"/>
</kw>
<kw name="Input Text" owner="SeleniumLibrary">
<msg time="2025-07-18T10:32:52.107375" level="INFO">Typing text '34532' into text field 'id=postal-code'.</msg>
<arg>id=postal-code</arg>
<arg>${CEP}</arg>
<doc>Types the given ``text`` into the text field identified by ``locator``.</doc>
<status status="PASS" start="2025-07-18T10:32:52.107375" elapsed="0.071424"/>
</kw>
<kw name="Textfield Value Should Be" owner="SeleniumLibrary">
<msg time="2025-07-18T10:32:52.198817" level="INFO">Content of text field 'id=postal-code' is '34532'.</msg>
<arg>id=postal-code</arg>
<arg>${CEP}</arg>
<doc>Verifies text field ``locator`` has exactly text ``expected``.</doc>
<status status="PASS" start="2025-07-18T10:32:52.178799" elapsed="0.021019"/>
</kw>
<kw name="Wait Until Element Is Visible" owner="SeleniumLibrary">
<arg>id=continue</arg>
<arg>timeout=15s</arg>
<doc>Waits until the element ``locator`` is visible.</doc>
<status status="PASS" start="2025-07-18T10:32:52.199818" elapsed="0.016015"/>
</kw>
<kw name="Wait Until Element Is Enabled" owner="SeleniumLibrary">
<arg>id=continue</arg>
<arg>timeout=15s</arg>
<doc>Waits until the element ``locator`` is enabled.</doc>
<status status="PASS" start="2025-07-18T10:32:52.215833" elapsed="0.016014"/>
</kw>
<kw name="Click Element" owner="SeleniumLibrary">
<msg time="2025-07-18T10:32:52.232848" level="INFO">Clicking element 'id=continue'.</msg>
<arg>id=continue</arg>
<doc>Click the element identified by ``locator``.</doc>
<status status="PASS" start="2025-07-18T10:32:52.232848" elapsed="0.067266"/>
</kw>
<kw name="Location Should Be" owner="SeleniumLibrary">
<msg time="2025-07-18T10:32:52.305106" level="INFO">Current location is 'https://www.saucedemo.com/checkout-step-two.html'.</msg>
<arg>https://www.saucedemo.com/checkout-step-two.html</arg>
<doc>Verifies that the current URL is exactly ``url``.</doc>
<status status="PASS" start="2025-07-18T10:32:52.301116" elapsed="0.003990"/>
</kw>
<kw name="Click Element" owner="SeleniumLibrary">
<msg time="2025-07-18T10:32:52.306107" level="INFO">Clicking element 'id=finish'.</msg>
<arg>id=finish</arg>
<doc>Click the element identified by ``locator``.</doc>
<status status="PASS" start="2025-07-18T10:32:52.305106" elapsed="0.138308"/>
</kw>
<kw name="Wait Until Location Is" owner="SeleniumLibrary">
<arg>https://www.saucedemo.com/checkout-complete.html</arg>
<arg>timeout=10s</arg>
<doc>Waits until the current URL is ``expected``.</doc>
<status status="PASS" start="2025-07-18T10:32:52.444415" elapsed="0.004003"/>
</kw>
<kw name="Wait Until Element Is Visible" owner="SeleniumLibrary">
<arg>css=.complete-header</arg>
<arg>timeout=20s</arg>
<doc>Waits until the element ``locator`` is visible.</doc>
<status status="PASS" start="2025-07-18T10:32:52.449419" elapsed="0.017016"/>
</kw>
<kw name="Page Should Contain" owner="SeleniumLibrary">
<msg time="2025-07-18T10:32:52.479446" level="INFO">Current page contains text 'Thank you for your order!'.</msg>
<arg>Thank you for your order!</arg>
<doc>Verifies that current page contains ``text``.</doc>
<status status="PASS" start="2025-07-18T10:32:52.466435" elapsed="0.013011"/>
</kw>
<status status="PASS" start="2025-07-18T10:32:51.822548" elapsed="0.656898"/>
</kw>
<doc>Realiza login, adiciona produto ao carrinho e finaliza a compra</doc>
<status status="PASS" start="2025-07-18T10:32:49.568959" elapsed="2.910487"/>
</test>
<doc>Teste automatizado de compra completa no Saucedemo</doc>
<status status="PASS" start="2025-07-18T10:32:49.184779" elapsed="3.295669"/>
</suite>
<statistics>
<total>
<stat pass="1" fail="0" skip="0">All Tests</stat>
</total>
<tag>
</tag>
<suite>
<stat pass="1" fail="0" skip="0" id="s1" name="Compra Completa">Compra Completa</stat>
</suite>
</statistics>
<errors>
</errors>
</robot>
